<?xml version="1.0" encoding="UTF-8"?>
<!-- Generated by org.testng.reporters.JUnitXMLReporter -->
<testsuite ignored="1" hostname="MWEB-GBD3DUC021" failures="1" tests="2" name="Default test(failed)" time="0.14" errors="0" timestamp="2023-08-29T16:56:57 GMT-04:00">
  <testcase classname="test.TestNGreyryfailed" name="test3" time="0.043">
    <failure type="java.lang.AssertionError" message="expected [true] but found [false]">
      <![CDATA[java.lang.AssertionError: expected [true] but found [false]
at test.TestNGreyryfailed.test3(TestNGreyryfailed.java:24)
at java.base/java.util.ArrayList.forEach(ArrayList.java:1511)
... Removed 31 stack frames]]>
    </failure>
  </testcase> <!-- test3 -->
  <testcase classname="test.TestNGreyryfailed" name="test2" time="0.004"/>
  <testcase classname="test.TestNGreyryfailed" name="test1" time="0.0">
    <ignored/>
  </testcase> <!-- test1 -->
</testsuite> <!-- Default test(failed) -->
