<?xml version="1.0" encoding="UTF-8"?>
<testng-results ignored="0" total="1" passed="1" failed="0" skipped="0">
  <reporter-output>
  </reporter-output>
  <suite started-at="2023-09-12T10:34:36 GMT-04:00" name="Default suite" finished-at="2023-09-12T10:34:52 GMT-04:00" duration-ms="15484">
    <groups>
    </groups>
    <test started-at="2023-09-12T10:34:36 GMT-04:00" name="Default test" finished-at="2023-09-12T10:34:52 GMT-04:00" duration-ms="15484">
      <class name="test.Screenshot">
        <test-method is-config="true" signature="setupTest()[pri:0, instance:test.Screenshot@69c81773]" started-at="2023-09-12T10:34:36 GMT-04:00" name="setupTest" finished-at="2023-09-12T10:34:45 GMT-04:00" duration-ms="8797" status="PASS">
          <reporter-output>
          </reporter-output>
        </test-method> <!-- setupTest -->
        <test-method signature="test1()[pri:0, instance:test.Screenshot@69c81773]" started-at="2023-09-12T10:34:45 GMT-04:00" name="test1" finished-at="2023-09-12T10:34:50 GMT-04:00" duration-ms="5457" status="PASS">
          <reporter-output>
          </reporter-output>
        </test-method> <!-- test1 -->
        <test-method is-config="true" signature="teardowntest()[pri:0, instance:test.Screenshot@69c81773]" started-at="2023-09-12T10:34:50 GMT-04:00" name="teardowntest" finished-at="2023-09-12T10:34:52 GMT-04:00" duration-ms="1152" status="PASS">
          <reporter-output>
          </reporter-output>
        </test-method> <!-- teardowntest -->
      </class> <!-- test.Screenshot -->
    </test> <!-- Default test -->
  </suite> <!-- Default suite -->
</testng-results>
