<?xml version="1.0" encoding="UTF-8"?>
<testng-results ignored="0" total="3" passed="3" failed="0" skipped="0">
  <reporter-output>
  </reporter-output>
  <suite started-at="2023-09-12T03:13:48 GMT-04:00" name="Suite1" finished-at="2023-09-12T03:14:55 GMT-04:00" duration-ms="66844">
    <groups>
    </groups>
    <test started-at="2023-09-12T03:13:48 GMT-04:00" name="Test2" finished-at="2023-09-12T03:14:35 GMT-04:00" duration-ms="46914">
      <class name="test.TestNGmultiplebrowserdemo">
        <test-method is-config="true" signature="setup(java.lang.String)[pri:0, instance:test.TestNGmultiplebrowserdemo@38145825]" started-at="2023-09-12T03:13:48 GMT-04:00" name="setup" finished-at="2023-09-12T03:14:11 GMT-04:00" duration-ms="23223" status="PASS">
          <params>
            <param index="0">
              <value>
                <![CDATA[chrome]]>
              </value>
            </param>
          </params>
          <reporter-output>
          </reporter-output>
        </test-method> <!-- setup -->
        <test-method signature="test()[pri:0, instance:test.TestNGmultiplebrowserdemo@38145825]" started-at="2023-09-12T03:14:11 GMT-04:00" name="test" finished-at="2023-09-12T03:14:31 GMT-04:00" duration-ms="20007" status="PASS">
          <reporter-output>
          </reporter-output>
        </test-method> <!-- test -->
        <test-method is-config="true" signature="teardown()[pri:0, instance:test.TestNGmultiplebrowserdemo@38145825]" started-at="2023-09-12T03:14:31 GMT-04:00" name="teardown" finished-at="2023-09-12T03:14:35 GMT-04:00" duration-ms="3625" status="PASS">
          <reporter-output>
          </reporter-output>
        </test-method> <!-- teardown -->
      </class> <!-- test.TestNGmultiplebrowserdemo -->
    </test> <!-- Test2 -->
    <test started-at="2023-09-12T03:13:48 GMT-04:00" name="Test3" finished-at="2023-09-12T03:14:43 GMT-04:00" duration-ms="55324">
      <class name="test.TestNGmultiplebrowserdemo">
        <test-method is-config="true" signature="setup(java.lang.String)[pri:0, instance:test.TestNGmultiplebrowserdemo@1b66c0fb]" started-at="2023-09-12T03:13:48 GMT-04:00" name="setup" finished-at="2023-09-12T03:14:33 GMT-04:00" duration-ms="45375" status="PASS">
          <params>
            <param index="0">
              <value>
                <![CDATA[edge]]>
              </value>
            </param>
          </params>
          <reporter-output>
          </reporter-output>
        </test-method> <!-- setup -->
        <test-method signature="test()[pri:0, instance:test.TestNGmultiplebrowserdemo@1b66c0fb]" started-at="2023-09-12T03:14:33 GMT-04:00" name="test" finished-at="2023-09-12T03:14:42 GMT-04:00" duration-ms="8578" status="PASS">
          <reporter-output>
          </reporter-output>
        </test-method> <!-- test -->
        <test-method is-config="true" signature="teardown()[pri:0, instance:test.TestNGmultiplebrowserdemo@1b66c0fb]" started-at="2023-09-12T03:14:42 GMT-04:00" name="teardown" finished-at="2023-09-12T03:14:43 GMT-04:00" duration-ms="1356" status="PASS">
          <reporter-output>
          </reporter-output>
        </test-method> <!-- teardown -->
      </class> <!-- test.TestNGmultiplebrowserdemo -->
    </test> <!-- Test3 -->
    <test started-at="2023-09-12T03:13:48 GMT-04:00" name="Test1" finished-at="2023-09-12T03:14:55 GMT-04:00" duration-ms="66844">
      <class name="test.TestNGmultiplebrowserdemo">
        <test-method is-config="true" signature="setup(java.lang.String)[pri:0, instance:test.TestNGmultiplebrowserdemo@5884a914]" started-at="2023-09-12T03:13:48 GMT-04:00" name="setup" finished-at="2023-09-12T03:14:43 GMT-04:00" duration-ms="54985" status="PASS">
          <params>
            <param index="0">
              <value>
                <![CDATA[firefox]]>
              </value>
            </param>
          </params>
          <reporter-output>
          </reporter-output>
        </test-method> <!-- setup -->
        <test-method signature="test()[pri:0, instance:test.TestNGmultiplebrowserdemo@5884a914]" started-at="2023-09-12T03:14:43 GMT-04:00" name="test" finished-at="2023-09-12T03:14:51 GMT-04:00" duration-ms="8442" status="PASS">
          <reporter-output>
          </reporter-output>
        </test-method> <!-- test -->
        <test-method is-config="true" signature="teardown()[pri:0, instance:test.TestNGmultiplebrowserdemo@5884a914]" started-at="2023-09-12T03:14:51 GMT-04:00" name="teardown" finished-at="2023-09-12T03:14:55 GMT-04:00" duration-ms="3386" status="PASS">
          <reporter-output>
          </reporter-output>
        </test-method> <!-- teardown -->
      </class> <!-- test.TestNGmultiplebrowserdemo -->
    </test> <!-- Test1 -->
  </suite> <!-- Suite1 -->
</testng-results>
