<?xml version="1.0" encoding="UTF-8"?>
<!-- Generated by org.testng.reporters.JUnitXMLReporter -->
<testsuite ignored="1" hostname="MWEB-GBD3DUC021" failures="0" tests="2" name="Test2" time="0.12" errors="0" timestamp="2023-08-29T15:37:00 GMT-04:00">
  <testcase classname="test.TestNGroupsDemo" name="test1" time="0.019"/>
  <testcase classname="test.TestNGroupsDemo" name="test2" time="0.005"/>
  <testcase classname="test.TestNGroupsDemo" name="test3" time="0.0">
    <ignored/>
  </testcase> <!-- test3 -->
</testsuite> <!-- Test2 -->
